nohup: ignoring input
-c = 2; cfg = CIFAR10; device = cuda:7
batch size: 128
Files already downloaded and verified
epoch 0 loss: 0.6922647845125198 elapsed 4.09s
epoch 1 loss: 0.13511372148036957 elapsed 7.33s
epoch 2 loss: 0.0413545255959034 elapsed 10.65s
epoch 3 loss: 0.026397189752459527 elapsed 13.80s
epoch 4 loss: 0.02137226224601269 elapsed 17.03s
epoch 5 loss: 0.020484809603095056 elapsed 20.21s
epoch 6 loss: 0.019490434363484382 elapsed 23.41s
epoch 7 loss: 0.018023546924591065 elapsed 26.55s
epoch 8 loss: 0.017129565002322197 elapsed 29.74s
epoch 9 loss: 0.01697509911775589 elapsed 33.02s
epoch 10 loss: 0.017849873086810113 elapsed 36.26s
epoch 11 loss: 0.018496881969571114 elapsed 39.36s
epoch 12 loss: 0.018969790315032004 elapsed 42.59s
epoch 13 loss: 0.01956674928545952 elapsed 45.65s
epoch 14 loss: 0.020317964316010476 elapsed 48.81s
epoch 15 loss: 0.021276488511562348 elapsed 51.91s
epoch 16 loss: 0.022360400989055635 elapsed 55.01s
epoch 17 loss: 0.023201143851280213 elapsed 58.37s
epoch 18 loss: 0.02396079507827759 elapsed 61.55s
epoch 19 loss: 0.024714273161888123 elapsed 64.91s
epoch 20 loss: 0.025485776680707933 elapsed 68.35s
epoch 21 loss: 0.02623543783545494 elapsed 71.93s
epoch 22 loss: 0.02694584882080555 elapsed 75.41s
epoch 23 loss: 0.027762823395729067 elapsed 78.85s
epoch 24 loss: 0.02842062949895859 elapsed 82.13s
epoch 25 loss: 0.029040988795757294 elapsed 85.51s
epoch 26 loss: 0.029408179471492768 elapsed 88.92s
epoch 27 loss: 0.02973216056585312 elapsed 92.22s
epoch 28 loss: 0.02995777666926384 elapsed 95.53s
epoch 29 loss: 0.030125453164577484 elapsed 98.89s
Done
Files already downloaded and verified
batch size: 128
Files already downloaded and verified
epoch 0 loss: 2.6418436902618407 elapsed 16.70s
epoch 1 loss: 2.5250702039337156 elapsed 33.96s
epoch 2 loss: 2.4931831053924562 elapsed 50.72s
epoch 3 loss: 2.4697524117279053 elapsed 67.94s
epoch 4 loss: 2.45101233291626 elapsed 85.16s
epoch 5 loss: 2.4321375718688967 elapsed 101.88s
epoch 6 loss: 2.4136465991210936 elapsed 118.59s
epoch 7 loss: 2.3939076164245607 elapsed 135.30s
epoch 8 loss: 2.37207438369751 elapsed 152.00s
epoch 9 loss: 2.3489991844177247 elapsed 169.01s
epoch 10 loss: 2.3242472136688233 elapsed 186.53s
epoch 11 loss: 2.297629314804077 elapsed 203.55s
epoch 12 loss: 2.268755892715454 elapsed 221.17s
epoch 13 loss: 2.239139225540161 elapsed 237.95s
epoch 14 loss: 2.209647406539917 elapsed 254.68s
epoch 15 loss: 2.1775371171569824 elapsed 271.49s
epoch 16 loss: 2.1475903092193604 elapsed 289.03s
epoch 17 loss: 2.11648036277771 elapsed 305.60s
epoch 18 loss: 2.0848250119018554 elapsed 323.18s
epoch 19 loss: 2.056059511566162 elapsed 340.54s
epoch 20 loss: 2.026721802520752 elapsed 357.34s
epoch 21 loss: 1.9988516232299804 elapsed 375.45s
epoch 22 loss: 1.9703450982666015 elapsed 393.14s
epoch 23 loss: 1.9440893843841554 elapsed 410.10s
epoch 24 loss: 1.9195964880371095 elapsed 426.97s
epoch 25 loss: 1.8951241723632812 elapsed 443.79s
epoch 26 loss: 1.8732717413711548 elapsed 461.59s
epoch 27 loss: 1.850143835105896 elapsed 478.52s
epoch 28 loss: 1.8296054117202758 elapsed 495.50s
epoch 29 loss: 1.8084940078353882 elapsed 514.35s
epoch 30 loss: 1.7888850884246825 elapsed 530.99s
epoch 31 loss: 1.7697575966644288 elapsed 548.49s
epoch 32 loss: 1.7525912047576904 elapsed 565.27s
epoch 33 loss: 1.7344784588241577 elapsed 582.07s
epoch 34 loss: 1.7201456853485106 elapsed 598.97s
epoch 35 loss: 1.7039642482757569 elapsed 616.22s
epoch 36 loss: 1.6894304708099366 elapsed 633.66s
epoch 37 loss: 1.6748178714752198 elapsed 650.56s
epoch 38 loss: 1.6615064878082275 elapsed 667.38s
epoch 39 loss: 1.647254391708374 elapsed 684.27s
epoch 40 loss: 1.6341124382781982 elapsed 701.22s
epoch 41 loss: 1.622775231399536 elapsed 718.75s
epoch 42 loss: 1.60941895942688 elapsed 735.73s
epoch 43 loss: 1.5992247973632812 elapsed 752.70s
epoch 44 loss: 1.5875789705657959 elapsed 769.75s
epoch 45 loss: 1.576541941795349 elapsed 787.37s
epoch 46 loss: 1.566194059829712 elapsed 804.21s
epoch 47 loss: 1.5552042803192139 elapsed 820.53s
epoch 48 loss: 1.5462345656967162 elapsed 837.29s
epoch 49 loss: 1.5384317322540284 elapsed 854.20s
epoch 50 loss: 1.5275249402999878 elapsed 871.06s
epoch 51 loss: 1.518063486442566 elapsed 888.32s
epoch 52 loss: 1.507933181991577 elapsed 906.43s
epoch 53 loss: 1.5033696926879883 elapsed 923.28s
epoch 54 loss: 1.4936569485855102 elapsed 940.14s
epoch 55 loss: 1.4860273492050171 elapsed 957.00s
epoch 56 loss: 1.480197625656128 elapsed 973.93s
epoch 57 loss: 1.4718786569976807 elapsed 991.86s
epoch 58 loss: 1.4650965644073486 elapsed 1008.77s
epoch 59 loss: 1.4564295837783814 elapsed 1025.86s
epoch 60 loss: 1.4505836490249633 elapsed 1043.21s
epoch 61 loss: 1.4439757012557983 elapsed 1060.05s
epoch 62 loss: 1.4374715310668946 elapsed 1077.61s
epoch 63 loss: 1.4287701079177857 elapsed 1095.66s
epoch 64 loss: 1.4233762423324585 elapsed 1112.46s
epoch 65 loss: 1.4195935986709596 elapsed 1129.79s
epoch 66 loss: 1.4111132262420654 elapsed 1147.14s
epoch 67 loss: 1.406468638687134 elapsed 1165.12s
epoch 68 loss: 1.3990189598083496 elapsed 1182.89s
epoch 69 loss: 1.394154313735962 elapsed 1199.83s
epoch 70 loss: 1.3881727141189575 elapsed 1216.68s
epoch 71 loss: 1.3854437295150757 elapsed 1233.51s
epoch 72 loss: 1.3805587566757203 elapsed 1250.32s
epoch 73 loss: 1.373738881072998 elapsed 1267.14s
epoch 74 loss: 1.3668855890274048 elapsed 1284.00s
epoch 75 loss: 1.365209732284546 elapsed 1300.84s
epoch 76 loss: 1.3604016413497926 elapsed 1317.73s
epoch 77 loss: 1.3526585976409913 elapsed 1334.51s
epoch 78 loss: 1.3472108074188232 elapsed 1351.39s
epoch 79 loss: 1.3449030657958985 elapsed 1368.24s
epoch 80 loss: 1.340963286781311 elapsed 1385.33s
epoch 81 loss: 1.33350519821167 elapsed 1402.18s
epoch 82 loss: 1.3283421046447754 elapsed 1419.00s
epoch 83 loss: 1.325386195678711 elapsed 1436.74s
epoch 84 loss: 1.3201216382598877 elapsed 1454.70s
epoch 85 loss: 1.317892897720337 elapsed 1471.77s
epoch 86 loss: 1.3151918278503418 elapsed 1488.69s
epoch 87 loss: 1.3104769596099854 elapsed 1506.34s
epoch 88 loss: 1.3040386301803588 elapsed 1523.45s
epoch 89 loss: 1.3005025551986695 elapsed 1540.48s
epoch 90 loss: 1.2963623372650146 elapsed 1557.43s
epoch 91 loss: 1.2964545682907105 elapsed 1574.20s
epoch 92 loss: 1.2884101269149781 elapsed 1591.14s
epoch 93 loss: 1.2855162885284424 elapsed 1607.94s
epoch 94 loss: 1.2827416051483154 elapsed 1624.82s
epoch 95 loss: 1.27789918926239 elapsed 1641.71s
epoch 96 loss: 1.276682733001709 elapsed 1659.06s
epoch 97 loss: 1.2736465007781983 elapsed 1676.27s
epoch 98 loss: 1.2658429331207275 elapsed 1693.81s
epoch 99 loss: 1.2654214053344726 elapsed 1711.47s
Done
